<?xml version="1.0" encoding="UTF-8"?>
<coverage generated="1685139781838" clover="3.2.0">
  <project timestamp="1685139781838" name="All files">
    <metrics statements="17" coveredstatements="7" conditionals="2" coveredconditionals="1" methods="12" coveredmethods="6" elements="31" coveredelements="14" complexity="0" loc="17" ncloc="17" packages="8" files="13" classes="13"/>
    <package name="src">
      <metrics statements="5" coveredstatements="0" conditionals="0" coveredconditionals="0" methods="1" coveredmethods="0"/>
      <file name="App.jsx" path="/home/derek/code/chat-front/src/App.jsx">
        <metrics statements="2" coveredstatements="0" conditionals="0" coveredconditionals="0" methods="1" coveredmethods="0"/>
        <line num="10" count="0" type="stmt"/>
        <line num="11" count="0" type="stmt"/>
      </file>
      <file name="index.js" path="/home/derek/code/chat-front/src/index.js">
        <metrics statements="3" coveredstatements="0" conditionals="0" coveredconditionals="0" methods="0" coveredmethods="0"/>
        <line num="5" count="0" type="stmt"/>
        <line num="6" count="0" type="stmt"/>
        <line num="8" count="0" type="stmt"/>
      </file>
    </package>
    <package name="src.routes.common">
      <metrics statements="1" coveredstatements="0" conditionals="0" coveredconditionals="0" methods="1" coveredmethods="0"/>
      <file name="NotFoundPage.jsx" path="/home/derek/code/chat-front/src/routes/common/NotFoundPage.jsx">
        <metrics statements="1" coveredstatements="0" conditionals="0" coveredconditionals="0" methods="1" coveredmethods="0"/>
        <line num="4" count="0" type="stmt"/>
      </file>
    </package>
    <package name="src.routes.home">
      <metrics statements="1" coveredstatements="0" conditionals="0" coveredconditionals="0" methods="1" coveredmethods="0"/>
      <file name="HomePage.jsx" path="/home/derek/code/chat-front/src/routes/home/HomePage.jsx">
        <metrics statements="1" coveredstatements="0" conditionals="0" coveredconditionals="0" methods="1" coveredmethods="0"/>
        <line num="6" count="0" type="stmt"/>
      </file>
    </package>
    <package name="src.routes.session">
      <metrics statements="2" coveredstatements="0" conditionals="0" coveredconditionals="0" methods="2" coveredmethods="0"/>
      <file name="LoginPage.jsx" path="/home/derek/code/chat-front/src/routes/session/LoginPage.jsx">
        <metrics statements="1" coveredstatements="0" conditionals="0" coveredconditionals="0" methods="1" coveredmethods="0"/>
        <line num="5" count="0" type="stmt"/>
      </file>
      <file name="ProfilePage.jsx" path="/home/derek/code/chat-front/src/routes/session/ProfilePage.jsx">
        <metrics statements="1" coveredstatements="0" conditionals="0" coveredconditionals="0" methods="1" coveredmethods="0"/>
        <line num="6" count="0" type="stmt"/>
      </file>
    </package>
    <package name="src.ui.channelsMenu">
      <metrics statements="4" coveredstatements="4" conditionals="2" coveredconditionals="1" methods="3" coveredmethods="3"/>
      <file name="ChannelMenuItems.jsx" path="/home/derek/code/chat-front/src/ui/channelsMenu/ChannelMenuItems.jsx">
        <metrics statements="2" coveredstatements="2" conditionals="2" coveredconditionals="1" methods="1" coveredmethods="1"/>
        <line num="9" count="8" type="stmt"/>
        <line num="19" count="2" type="stmt"/>
      </file>
      <file name="Header.jsx" path="/home/derek/code/chat-front/src/ui/channelsMenu/Header.jsx">
        <metrics statements="1" coveredstatements="1" conditionals="0" coveredconditionals="0" methods="1" coveredmethods="1"/>
        <line num="7" count="4" type="stmt"/>
      </file>
      <file name="index.jsx" path="/home/derek/code/chat-front/src/ui/channelsMenu/index.jsx">
        <metrics statements="1" coveredstatements="1" conditionals="0" coveredconditionals="0" methods="1" coveredmethods="1"/>
        <line num="13" count="4" type="stmt"/>
      </file>
    </package>
    <package name="src.ui.common">
      <metrics statements="1" coveredstatements="0" conditionals="0" coveredconditionals="0" methods="1" coveredmethods="0"/>
      <file name="NotFound.jsx" path="/home/derek/code/chat-front/src/ui/common/NotFound.jsx">
        <metrics statements="1" coveredstatements="0" conditionals="0" coveredconditionals="0" methods="1" coveredmethods="0"/>
        <line num="4" count="0" type="stmt"/>
      </file>
    </package>
    <package name="src.ui.menu">
      <metrics statements="2" coveredstatements="2" conditionals="0" coveredconditionals="0" methods="2" coveredmethods="2"/>
      <file name="SessionMenu.jsx" path="/home/derek/code/chat-front/src/ui/menu/SessionMenu.jsx">
        <metrics statements="1" coveredstatements="1" conditionals="0" coveredconditionals="0" methods="1" coveredmethods="1"/>
        <line num="5" count="2" type="stmt"/>
      </file>
      <file name="index.jsx" path="/home/derek/code/chat-front/src/ui/menu/index.jsx">
        <metrics statements="1" coveredstatements="1" conditionals="0" coveredconditionals="0" methods="1" coveredmethods="1"/>
        <line num="8" count="2" type="stmt"/>
      </file>
    </package>
    <package name="src.ui.session">
      <metrics statements="1" coveredstatements="1" conditionals="0" coveredconditionals="0" methods="1" coveredmethods="1"/>
      <file name="LoginForm.jsx" path="/home/derek/code/chat-front/src/ui/session/LoginForm.jsx">
        <metrics statements="1" coveredstatements="1" conditionals="0" coveredconditionals="0" methods="1" coveredmethods="1"/>
        <line num="11" count="1" type="stmt"/>
      </file>
    </package>
  </project>
</coverage>
