{"/home/derek/code/chat-front/src/ui/session/LoginForm.jsx": {"path":"/home/derek/code/chat-front/src/ui/session/LoginForm.jsx","statementMap":{"0":{"start":{"line":11,"column":2},"end":{"line":65,"column":3}}},"fnMap":{"0":{"name":"LoginForm","decl":{"start":{"line":10,"column":9},"end":{"line":10,"column":18}},"loc":{"start":{"line":10,"column":21},"end":{"line":66,"column":1}},"line":10}},"branchMap":{},"s":{"0":2},"f":{"0":2},"b":{},"_coverageSchema":"1a1c01bbd47fc00a2c39e90264f33305004495a9","hash":"97b4fefa04f9b66cb7bf026915237f8e70e83694"}
}
