{"/home/derek/code/chat-front/src/App.jsx": {"path":"/home/derek/code/chat-front/src/App.jsx","statementMap":{"0":{"start":{"line":10,"column":12},"end":{"line":21,"column":1}},"1":{"start":{"line":11,"column":2},"end":{"line":20,"column":4}}},"fnMap":{"0":{"name":"(anonymous_0)","decl":{"start":{"line":10,"column":12},"end":{"line":10,"column":13}},"loc":{"start":{"line":10,"column":18},"end":{"line":21,"column":1}},"line":10}},"branchMap":{},"s":{"0":0,"1":0},"f":{"0":0},"b":{}}
,"/home/derek/code/chat-front/src/index.js": {"path":"/home/derek/code/chat-front/src/index.js","statementMap":{"0":{"start":{"line":5,"column":16},"end":{"line":5,"column":47}},"1":{"start":{"line":6,"column":13},"end":{"line":6,"column":32}},"2":{"start":{"line":8,"column":0},"end":{"line":8,"column":21}}},"fnMap":{},"branchMap":{},"s":{"0":0,"1":0,"2":0},"f":{},"b":{}}
,"/home/derek/code/chat-front/src/routes/common/NotFoundPage.jsx": {"path":"/home/derek/code/chat-front/src/routes/common/NotFoundPage.jsx","statementMap":{"0":{"start":{"line":4,"column":2},"end":{"line":6,"column":4}}},"fnMap":{"0":{"name":"NotFoundPage","decl":{"start":{"line":3,"column":9},"end":{"line":3,"column":21}},"loc":{"start":{"line":3,"column":24},"end":{"line":7,"column":1}},"line":3}},"branchMap":{},"s":{"0":0},"f":{"0":0},"b":{}}
,"/home/derek/code/chat-front/src/routes/home/HomePage.jsx": {"path":"/home/derek/code/chat-front/src/routes/home/HomePage.jsx","statementMap":{"0":{"start":{"line":6,"column":2},"end":{"line":11,"column":4}}},"fnMap":{"0":{"name":"HomePage","decl":{"start":{"line":5,"column":9},"end":{"line":5,"column":17}},"loc":{"start":{"line":5,"column":20},"end":{"line":12,"column":1}},"line":5}},"branchMap":{},"s":{"0":0},"f":{"0":0},"b":{}}
,"/home/derek/code/chat-front/src/routes/session/LoginPage.jsx": {"path":"/home/derek/code/chat-front/src/routes/session/LoginPage.jsx","statementMap":{"0":{"start":{"line":5,"column":2},"end":{"line":9,"column":4}}},"fnMap":{"0":{"name":"LoginPage","decl":{"start":{"line":4,"column":9},"end":{"line":4,"column":18}},"loc":{"start":{"line":4,"column":21},"end":{"line":10,"column":1}},"line":4}},"branchMap":{},"s":{"0":0},"f":{"0":0},"b":{}}
,"/home/derek/code/chat-front/src/routes/session/ProfilePage.jsx": {"path":"/home/derek/code/chat-front/src/routes/session/ProfilePage.jsx","statementMap":{"0":{"start":{"line":6,"column":2},"end":{"line":11,"column":4}}},"fnMap":{"0":{"name":"ProfilePage","decl":{"start":{"line":5,"column":9},"end":{"line":5,"column":20}},"loc":{"start":{"line":5,"column":23},"end":{"line":12,"column":1}},"line":5}},"branchMap":{},"s":{"0":0},"f":{"0":0},"b":{}}
,"/home/derek/code/chat-front/src/ui/channelsMenu/ChannelMenuItems.jsx": {"path":"/home/derek/code/chat-front/src/ui/channelsMenu/ChannelMenuItems.jsx","statementMap":{"0":{"start":{"line":9,"column":2},"end":{"line":16,"column":3}},"1":{"start":{"line":19,"column":0},"end":{"line":22,"column":1}}},"fnMap":{"0":{"name":"ChannelsMenuItem","decl":{"start":{"line":8,"column":9},"end":{"line":8,"column":25}},"loc":{"start":{"line":8,"column":51},"end":{"line":17,"column":1}},"line":8}},"branchMap":{"0":{"loc":{"start":{"line":12,"column":9},"end":{"line":12,"column":52}},"type":"cond-expr","locations":[{"start":{"line":12,"column":21},"end":{"line":12,"column":35}},{"start":{"line":12,"column":38},"end":{"line":12,"column":52}}],"line":12}},"s":{"0":8,"1":2},"f":{"0":8},"b":{"0":[8,0]},"_coverageSchema":"1a1c01bbd47fc00a2c39e90264f33305004495a9","hash":"1437e58f0dc0752868d2a9605eeca52abf058acb"}
,"/home/derek/code/chat-front/src/ui/channelsMenu/Header.jsx": {"path":"/home/derek/code/chat-front/src/ui/channelsMenu/Header.jsx","statementMap":{"0":{"start":{"line":7,"column":2},"end":{"line":21,"column":3}}},"fnMap":{"0":{"name":"Header","decl":{"start":{"line":6,"column":9},"end":{"line":6,"column":15}},"loc":{"start":{"line":6,"column":18},"end":{"line":22,"column":1}},"line":6}},"branchMap":{},"s":{"0":4},"f":{"0":4},"b":{},"_coverageSchema":"1a1c01bbd47fc00a2c39e90264f33305004495a9","hash":"9dd02bdae7078b0b8052dd4070060899c267789b"}
,"/home/derek/code/chat-front/src/ui/channelsMenu/index.jsx": {"path":"/home/derek/code/chat-front/src/ui/channelsMenu/index.jsx","statementMap":{"0":{"start":{"line":13,"column":2},"end":{"line":32,"column":4}}},"fnMap":{"0":{"name":"ChannelsMenu","decl":{"start":{"line":12,"column":9},"end":{"line":12,"column":21}},"loc":{"start":{"line":12,"column":24},"end":{"line":33,"column":1}},"line":12}},"branchMap":{},"s":{"0":4},"f":{"0":4},"b":{},"_coverageSchema":"1a1c01bbd47fc00a2c39e90264f33305004495a9","hash":"f78b2a9c7145870a2fb7f507a561d84866d6a7ae"}
,"/home/derek/code/chat-front/src/ui/common/NotFound.jsx": {"path":"/home/derek/code/chat-front/src/ui/common/NotFound.jsx","statementMap":{"0":{"start":{"line":4,"column":2},"end":{"line":6,"column":4}}},"fnMap":{"0":{"name":"NotFound","decl":{"start":{"line":3,"column":9},"end":{"line":3,"column":17}},"loc":{"start":{"line":3,"column":20},"end":{"line":7,"column":1}},"line":3}},"branchMap":{},"s":{"0":0},"f":{"0":0},"b":{}}
,"/home/derek/code/chat-front/src/ui/menu/SessionMenu.jsx": {"path":"/home/derek/code/chat-front/src/ui/menu/SessionMenu.jsx","statementMap":{"0":{"start":{"line":5,"column":2},"end":{"line":13,"column":4}}},"fnMap":{"0":{"name":"SessionMenu","decl":{"start":{"line":4,"column":9},"end":{"line":4,"column":20}},"loc":{"start":{"line":4,"column":23},"end":{"line":14,"column":1}},"line":4}},"branchMap":{},"s":{"0":2},"f":{"0":2},"b":{},"_coverageSchema":"1a1c01bbd47fc00a2c39e90264f33305004495a9","hash":"367198e495f13092d18486fb00b102d5285c5362"}
,"/home/derek/code/chat-front/src/ui/menu/index.jsx": {"path":"/home/derek/code/chat-front/src/ui/menu/index.jsx","statementMap":{"0":{"start":{"line":8,"column":2},"end":{"line":13,"column":4}}},"fnMap":{"0":{"name":"Menu","decl":{"start":{"line":7,"column":9},"end":{"line":7,"column":13}},"loc":{"start":{"line":7,"column":16},"end":{"line":14,"column":1}},"line":7}},"branchMap":{},"s":{"0":2},"f":{"0":2},"b":{},"_coverageSchema":"1a1c01bbd47fc00a2c39e90264f33305004495a9","hash":"fa0c5782d40a280877fece32d6d9dcd7374f1d81"}
,"/home/derek/code/chat-front/src/ui/session/LoginForm.jsx": {"path":"/home/derek/code/chat-front/src/ui/session/LoginForm.jsx","statementMap":{"0":{"start":{"line":11,"column":2},"end":{"line":63,"column":3}}},"fnMap":{"0":{"name":"LoginForm","decl":{"start":{"line":10,"column":9},"end":{"line":10,"column":18}},"loc":{"start":{"line":10,"column":21},"end":{"line":64,"column":1}},"line":10}},"branchMap":{},"s":{"0":1},"f":{"0":1},"b":{},"_coverageSchema":"1a1c01bbd47fc00a2c39e90264f33305004495a9","hash":"9b55fba85840eeca7a8bada8ee157211dca5c5a8"}
}
