TN:
SF:src/App.jsx
FN:10,(anonymous_0)
FNF:1
FNH:0
FNDA:0,(anonymous_0)
DA:10,0
DA:11,0
LF:2
LH:0
BRF:0
BRH:0
end_of_record
TN:
SF:src/index.js
FNF:0
FNH:0
DA:5,0
DA:6,0
DA:8,0
LF:3
LH:0
BRF:0
BRH:0
end_of_record
TN:
SF:src/routes/common/NotFoundPage.jsx
FN:3,NotFoundPage
FNF:1
FNH:0
FNDA:0,NotFoundPage
DA:4,0
LF:1
LH:0
BRF:0
BRH:0
end_of_record
TN:
SF:src/routes/home/HomePage.jsx
FN:5,HomePage
FNF:1
FNH:0
FNDA:0,HomePage
DA:6,0
LF:1
LH:0
BRF:0
BRH:0
end_of_record
TN:
SF:src/routes/session/LoginPage.jsx
FN:4,LoginPage
FNF:1
FNH:0
FNDA:0,LoginPage
DA:5,0
LF:1
LH:0
BRF:0
BRH:0
end_of_record
TN:
SF:src/routes/session/ProfilePage.jsx
FN:5,ProfilePage
FNF:1
FNH:0
FNDA:0,ProfilePage
DA:6,0
LF:1
LH:0
BRF:0
BRH:0
end_of_record
TN:
SF:src/ui/channelsMenu/ChannelMenuItems.jsx
FN:8,ChannelsMenuItem
FNF:1
FNH:1
FNDA:8,ChannelsMenuItem
DA:9,8
DA:19,2
LF:2
LH:2
BRDA:12,0,0,8
BRDA:12,0,1,0
BRF:2
BRH:1
end_of_record
TN:
SF:src/ui/channelsMenu/Header.jsx
FN:6,Header
FNF:1
FNH:1
FNDA:4,Header
DA:7,4
LF:1
LH:1
BRF:0
BRH:0
end_of_record
TN:
SF:src/ui/channelsMenu/index.jsx
FN:12,ChannelsMenu
FNF:1
FNH:1
FNDA:4,ChannelsMenu
DA:13,4
LF:1
LH:1
BRF:0
BRH:0
end_of_record
TN:
SF:src/ui/common/NotFound.jsx
FN:3,NotFound
FNF:1
FNH:0
FNDA:0,NotFound
DA:4,0
LF:1
LH:0
BRF:0
BRH:0
end_of_record
TN:
SF:src/ui/menu/SessionMenu.jsx
FN:4,SessionMenu
FNF:1
FNH:1
FNDA:2,SessionMenu
DA:5,2
LF:1
LH:1
BRF:0
BRH:0
end_of_record
TN:
SF:src/ui/menu/index.jsx
FN:7,Menu
FNF:1
FNH:1
FNDA:2,Menu
DA:8,2
LF:1
LH:1
BRF:0
BRH:0
end_of_record
TN:
SF:src/ui/session/LoginForm.jsx
FN:10,LoginForm
FNF:1
FNH:1
FNDA:1,LoginForm
DA:11,1
LF:1
LH:1
BRF:0
BRH:0
end_of_record
